============================= test session starts ==============================
platform linux -- Python 3.12.5, pytest-9.0.3, pluggy-1.5.0 -- /global/common/software/nersc/pe/conda/24.10.0/Miniforge3-24.7.1-0/bin/python
cachedir: .pytest_cache
rootdir: /global/u2/c/cropp/Data_Analysis
configfile: pyproject.toml
collecting ... collected 3 items

tests/smoke/test_smoke.py::test_Data_Pipeline FAILED                     [ 33%]
tests/smoke/test_smoke.py::test_Data_Pipeline_overwrite_confirm FAILED   [ 66%]
tests/smoke/test_smoke.py::test_Data_Pipeline_overwrite_decline FAILED   [100%]

=================================== FAILURES ===================================
______________________________ test_Data_Pipeline ______________________________

smoke_env = ('/tmp/pytest-of-cropp/pytest-4/test_Data_Pipeline0/config/datasets.yaml', '/tmp/pytest-of-cropp/pytest-4/test_Data_Pipeline0/config/analysis_parameters.yaml', '/tmp/pytest-of-cropp/pytest-4/test_Data_Pipeline0/output')

    @pytest.mark.smoke
    def test_Data_Pipeline(smoke_env):
        """Full pipeline runs end-to-end and archives config on first run."""
        datasets_yaml, analysis_parameters_yaml, base_output = smoke_env
>       Data_Pipeline("test_571_smoke",
                      datasets_yaml=datasets_yaml,
                      analysis_parameters_yaml=analysis_parameters_yaml)

tests/smoke/test_smoke.py:185: 
_ _ _ _ _ _ _ _ _ _ _ _ _ _ _ _ _ _ _ _ _ _ _ _ _ _ _ _ _ _ _ _ _ _ _ _ _ _ _ _ 
src/General_Data_Analysis/Data_Pipeline.py:157: in Data_Pipeline
    dpf.Generic_Moment_Calculation(dataset)
_ _ _ _ _ _ _ _ _ _ _ _ _ _ _ _ _ _ _ _ _ _ _ _ _ _ _ _ _ _ _ _ _ _ _ _ _ _ _ _ 

dataset = <General_Data_Analysis.Data_Classes.Data_Set object at 0x7f1ecb21aff0>

    def Generic_Moment_Calculation(dataset):
        screen_nickname = screen_nickname_finder(dataset.screen,dataset.save_loc)
        all_images = np.load(dataset.save_loc + 'all_images_stack_' + screen_nickname + '.npy')
        bg_cropp = np.load(dataset.save_loc + 'background_' + screen_nickname + '.npy')
        all_data = pd.read_pickle(dataset.save_loc + 'all_data_stack_' + screen_nickname + '.pkl')
        print(all_data.columns)
        print(all_data.head())
        pxcal = pd.unique(all_data[dataset.screen.split('Image:')[0] + 'RESOLUTION']).astype(float)
        pxcal = pxcal[~np.isnan(pxcal)]
        print(pxcal)
        if len(pxcal)>1:
            raise ValueError("more than one pixel calibration")
        else:
>           pxcal = float(pxcal)
                    ^^^^^^^^^^^^
E           TypeError: only 0-dimensional arrays can be converted to Python scalars

src/General_Data_Analysis/Data_Pipeline_Functions.py:715: TypeError
----------------------------- Captured stdout call -----------------------------
Dataset 'test_571_smoke' is valid.
5
(700, 700)
(700, 700)
{'xend': 600, 'xstart': 100, 'yend': 600, 'ystart': 100}
0
100
Index(['PROF:IN10:571:Image:ArraySize1_RBV',
       'PROF:IN10:571:Image:ArraySize0_RBV', 'PROF:IN10:571:XRMS',
       'PROF:IN10:571:YRMS', 'PROF:IN10:571:X', 'PROF:IN10:571:Y',
       'PROF:IN10:571:RESOLUTION', 'CAMR:LT10:900:Image:ArrayData',
       'CAMR:LT10:900:XRMS', 'CAMR:LT10:900:YRMS',
       'CAMR:LT10:900:Image:ArraySize1_RBV',
       'CAMR:LT10:900:Image:ArraySize0_RBV', 'CAMR:LT10:900:X',
       'CAMR:LT10:900:Y', 'CAMR:LT10:900:RESOLUTION',
       'PROF:IN10:241:Image:ArrayData', 'PROF:IN10:241:XRMS',
       'PROF:IN10:241:YRMS', 'PROF:IN10:241:Image:ArraySize1_RBV',
       'PROF:IN10:241:Image:ArraySize0_RBV', 'PROF:IN10:241:X',
       'PROF:IN10:241:Y', 'PROF:IN10:241:RESOLUTION',
       'PROF:IN10:571:Image:ArrayData', 'PROF:IN10:711:Image:ArrayData',
       'PROF:IN10:711:XRMS', 'PROF:IN10:711:YRMS',
       'PROF:IN10:711:Image:ArraySize1_RBV',
       'PROF:IN10:711:Image:ArraySize0_RBV', 'PROF:IN10:711:X',
       'PROF:IN10:711:Y', 'PROF:IN10:711:RESOLUTION', 'timestamp'],
      dtype='str')
  PROF:IN10:571:Image:ArraySize1_RBV  ...                  timestamp
0                                700  ...  2025-01-27T12-00-00-08-00
1                                700  ...  2025-01-27T12-00-01-08-00
2                                700  ...  2025-01-27T12-00-02-08-00
3                                700  ...  2025-01-27T12-00-03-08-00
4                                700  ...  2025-01-27T12-00-04-08-00

[5 rows x 33 columns]
[10.]
_____________________ test_Data_Pipeline_overwrite_confirm _____________________

smoke_env = ('/tmp/pytest-of-cropp/pytest-4/test_Data_Pipeline_overwrite_c0/config/datasets.yaml', '/tmp/pytest-of-cropp/pytest-4/..._overwrite_c0/config/analysis_parameters.yaml', '/tmp/pytest-of-cropp/pytest-4/test_Data_Pipeline_overwrite_c0/output')

    @pytest.mark.smoke
    def test_Data_Pipeline_overwrite_confirm(smoke_env):
        """Re-running with _confirm=True overwrites the archived config."""
        datasets_yaml, analysis_parameters_yaml, base_output = smoke_env
    
        # First run — creates the archive
>       Data_Pipeline("test_571_smoke",
                      datasets_yaml=datasets_yaml,
                      analysis_parameters_yaml=analysis_parameters_yaml)

tests/smoke/test_smoke.py:212: 
